android/app/build/intermediates/manifest_merge_blame_file/debug/processDebugMainManifest/manifest-merger-blame-debug-report.txt
1<?xml version="1.0" encoding="utf-8"?>
2<manifest xmlns:android="http://schemas.android.com/apk/res/android"
3    package="com.sovraniche.bac"
4    android:versionCode="1"
5    android:versionName="1.0" >
6
7    <uses-sdk
8        android:minSdkVersion="24"
9        android:targetSdkVersion="36" />
10
11    <!-- Permissions -->
12
13    <uses-permission android:name="android.permission.INTERNET" />
13-->src/main/AndroidManifest.xml:41:5-67
13-->src/main/AndroidManifest.xml:41:22-64
14
15    <permission
15-->[androidx.core:core:1.17.0] AndroidManifest.xml:22:5-24:47
16        android:name="com.sovraniche.bac.DYNAMIC_RECEIVER_NOT_EXPORTED_PERMISSION"
16-->[androidx.core:core:1.17.0] AndroidManifest.xml:23:9-81
17        android:protectionLevel="signature" />
17-->[androidx.core:core:1.17.0] AndroidManifest.xml:24:9-44
18
19    <uses-permission android:name="com.sovraniche.bac.DYNAMIC_RECEIVER_NOT_EXPORTED_PERMISSION" />
19-->[androidx.core:core:1.17.0] AndroidManifest.xml:26:5-97
19-->[androidx.core:core:1.17.0] AndroidManifest.xml:26:22-94
20
21    <application
21-->src/main/AndroidManifest.xml:3:5-37:19
22        android:allowBackup="true"
22-->src/main/AndroidManifest.xml:4:9-35
23        android:appComponentFactory="androidx.core.app.CoreComponentFactory"
23-->[androidx.core:core:1.17.0] AndroidManifest.xml:28:18-86
24        android:debuggable="true"
25        android:extractNativeLibs="false"
26        android:icon="@mipmap/ic_launcher"
26-->src/main/AndroidManifest.xml:5:9-43
27        android:label="@string/app_name"
27-->src/main/AndroidManifest.xml:6:9-41
28        android:roundIcon="@mipmap/ic_launcher_round"
28-->src/main/AndroidManifest.xml:7:9-54
29        android:supportsRtl="true"
29-->src/main/AndroidManifest.xml:8:9-35
30        android:testOnly="true"
31        android:theme="@style/AppTheme" >
31-->src/main/AndroidManifest.xml:9:9-40
32        <activity
32-->src/main/AndroidManifest.xml:10:9-28:20
33            android:name="com.sovraniche.bac.MainActivity"
33-->src/main/AndroidManifest.xml:12:13-41
34            android:configChanges="orientation|keyboardHidden|keyboard|screenSize|locale|smallestScreenSize|screenLayout|uiMode|navigation|density"
34-->src/main/AndroidManifest.xml:11:13-148
35            android:exported="true"
35-->src/main/AndroidManifest.xml:16:13-36
36            android:label="@string/title_activity_main"
36-->src/main/AndroidManifest.xml:13:13-56
37            android:launchMode="singleTask"
37-->src/main/AndroidManifest.xml:15:13-44
38            android:theme="@style/AppTheme.NoActionBarLaunch" >
38-->src/main/AndroidManifest.xml:14:13-62
39            <intent-filter>
39-->src/main/AndroidManifest.xml:17:13-20:29
40                <action android:name="android.intent.action.MAIN" />
40-->src/main/AndroidManifest.xml:18:17-69
40-->src/main/AndroidManifest.xml:18:25-66
41
42                <category android:name="android.intent.category.LAUNCHER" />
42-->src/main/AndroidManifest.xml:19:17-77
42-->src/main/AndroidManifest.xml:19:27-74
43            </intent-filter>
44            <intent-filter>
44-->src/main/AndroidManifest.xml:22:13-27:29
45                <action android:name="android.intent.action.VIEW" />
45-->src/main/AndroidManifest.xml:23:17-69
45-->src/main/AndroidManifest.xml:23:25-66
46
47                <category android:name="android.intent.category.DEFAULT" />
47-->src/main/AndroidManifest.xml:24:17-76
47-->src/main/AndroidManifest.xml:24:27-73
48                <category android:name="android.intent.category.BROWSABLE" />
48-->src/main/AndroidManifest.xml:25:17-78
48-->src/main/AndroidManifest.xml:25:27-75
49
50                <data android:scheme="bac" />
50-->src/main/AndroidManifest.xml:26:17-46
50-->src/main/AndroidManifest.xml:26:23-43
51            </intent-filter>
52        </activity>
53
54        <provider
55            android:name="androidx.core.content.FileProvider"
55-->src/main/AndroidManifest.xml:31:13-62
56            android:authorities="com.sovraniche.bac.fileprovider"
56-->src/main/AndroidManifest.xml:32:13-64
57            android:exported="false"
57-->src/main/AndroidManifest.xml:33:13-37
58            android:grantUriPermissions="true" >
58-->src/main/AndroidManifest.xml:34:13-47
59            <meta-data
59-->src/main/AndroidManifest.xml:35:13-112
60                android:name="android.support.FILE_PROVIDER_PATHS"
60-->src/main/AndroidManifest.xml:35:24-74
61                android:resource="@xml/file_paths" />
61-->src/main/AndroidManifest.xml:35:75-109
62        </provider>
63        <provider
63-->[androidx.emoji2:emoji2:1.3.0] AndroidManifest.xml:24:9-32:20
64            android:name="androidx.startup.InitializationProvider"
64-->[androidx.emoji2:emoji2:1.3.0] AndroidManifest.xml:25:13-67
65            android:authorities="com.sovraniche.bac.androidx-startup"
65-->[androidx.emoji2:emoji2:1.3.0] AndroidManifest.xml:26:13-68
66            android:exported="false" >
66-->[androidx.emoji2:emoji2:1.3.0] AndroidManifest.xml:27:13-37
67            <meta-data
67-->[androidx.emoji2:emoji2:1.3.0] AndroidManifest.xml:29:13-31:52
68                android:name="androidx.emoji2.text.EmojiCompatInitializer"
68-->[androidx.emoji2:emoji2:1.3.0] AndroidManifest.xml:30:17-75
69                android:value="androidx.startup" />
69-->[androidx.emoji2:emoji2:1.3.0] AndroidManifest.xml:31:17-49
70            <meta-data
70-->[androidx.lifecycle:lifecycle-process:2.6.2] AndroidManifest.xml:29:13-31:52
71                android:name="androidx.lifecycle.ProcessLifecycleInitializer"
71-->[androidx.lifecycle:lifecycle-process:2.6.2] AndroidManifest.xml:30:17-78
72                android:value="androidx.startup" />
72-->[androidx.lifecycle:lifecycle-process:2.6.2] AndroidManifest.xml:31:17-49
73            <meta-data
73-->[androidx.profileinstaller:profileinstaller:1.4.0] AndroidManifest.xml:29:13-31:52
74                android:name="androidx.profileinstaller.ProfileInstallerInitializer"
74-->[androidx.profileinstaller:profileinstaller:1.4.0] AndroidManifest.xml:30:17-85
75                android:value="androidx.startup" />
75-->[androidx.profileinstaller:profileinstaller:1.4.0] AndroidManifest.xml:31:17-49
76        </provider>
77
78        <receiver
78-->[androidx.profileinstaller:profileinstaller:1.4.0] AndroidManifest.xml:34:9-52:20
79            android:name="androidx.profileinstaller.ProfileInstallReceiver"
79-->[androidx.profileinstaller:profileinstaller:1.4.0] AndroidManifest.xml:35:13-76
80            android:directBootAware="false"
80-->[androidx.profileinstaller:profileinstaller:1.4.0] AndroidManifest.xml:36:13-44
81            android:enabled="true"
81-->[androidx.profileinstaller:profileinstaller:1.4.0] AndroidManifest.xml:37:13-35
82            android:exported="true"
82-->[androidx.profileinstaller:profileinstaller:1.4.0] AndroidManifest.xml:38:13-36
83            android:permission="android.permission.DUMP" >
83-->[androidx.profileinstaller:profileinstaller:1.4.0] AndroidManifest.xml:39:13-57
84            <intent-filter>
84-->[androidx.profileinstaller:profileinstaller:1.4.0] AndroidManifest.xml:40:13-42:29
85                <action android:name="androidx.profileinstaller.action.INSTALL_PROFILE" />
85-->[androidx.profileinstaller:profileinstaller:1.4.0] AndroidManifest.xml:41:17-91
85-->[androidx.profileinstaller:profileinstaller:1.4.0] AndroidManifest.xml:41:25-88
86            </intent-filter>
87            <intent-filter>
87-->[androidx.profileinstaller:profileinstaller:1.4.0] AndroidManifest.xml:43:13-45:29
88                <action android:name="androidx.profileinstaller.action.SKIP_FILE" />
88-->[androidx.profileinstaller:profileinstaller:1.4.0] AndroidManifest.xml:44:17-85
88-->[androidx.profileinstaller:profileinstaller:1.4.0] AndroidManifest.xml:44:25-82
89            </intent-filter>
90            <intent-filter>
90-->[androidx.profileinstaller:profileinstaller:1.4.0] AndroidManifest.xml:46:13-48:29
91                <action android:name="androidx.profileinstaller.action.SAVE_PROFILE" />
91-->[androidx.profileinstaller:profileinstaller:1.4.0] AndroidManifest.xml:47:17-88
91-->[androidx.profileinstaller:profileinstaller:1.4.0] AndroidManifest.xml:47:25-85
92            </intent-filter>
93            <intent-filter>
93-->[androidx.profileinstaller:profileinstaller:1.4.0] AndroidManifest.xml:49:13-51:29
94                <action android:name="androidx.profileinstaller.action.BENCHMARK_OPERATION" />
94-->[androidx.profileinstaller:profileinstaller:1.4.0] AndroidManifest.xml:50:17-95
94-->[androidx.profileinstaller:profileinstaller:1.4.0] AndroidManifest.xml:50:25-92
95            </intent-filter>
96        </receiver>
97    </application>
98
99</manifest>